<?xml version="1.0" encoding="UTF-8"?>
<testng-results skipped="0" failed="1" ignored="0" total="1" passed="0">
  <reporter-output>
  </reporter-output>
  <suite name="Default suite" duration-ms="46596" started-at="2018-07-23T09:45:25Z" finished-at="2018-07-23T09:46:12Z">
    <groups>
    </groups>
    <test name="Default test" duration-ms="46596" started-at="2018-07-23T09:45:25Z" finished-at="2018-07-23T09:46:12Z">
      <class name="org.test.automation.testcases.Login">
        <test-method status="PASS" signature="setup()[pri:0, instance:org.test.automation.testcases.Login@37374a5e]" name="setup" is-config="true" duration-ms="33195" started-at="2018-07-23T09:45:25Z" finished-at="2018-07-23T09:45:58Z">
          <reporter-output>
          </reporter-output>
        </test-method> <!-- setup -->
        <test-method status="FAIL" signature="testing()[pri:0, instance:org.test.automation.testcases.Login@37374a5e]" name="testing" duration-ms="13111" started-at="2018-07-23T09:45:58Z" finished-at="2018-07-23T09:46:11Z">
          <exception class="org.test.automation.exception.CFITRException">
            <message>
              <![CDATA[Element is not available: By.linkText: MENU1]]>
            </message>
            <full-stacktrace>
              <![CDATA[org.test.automation.exception.CFITRException: Element is not available: By.linkText: MENU1
at org.test.automation.base.Helper.getElement(Helper.java:29)
at org.test.automation.base.Helper.click(Helper.java:38)
at org.test.automation.testcases.Login.testing(Login.java:25)
at sun.reflect.NativeMethodAccessorImpl.invoke0(Native Method)
at sun.reflect.NativeMethodAccessorImpl.invoke(Unknown Source)
at sun.reflect.DelegatingMethodAccessorImpl.invoke(Unknown Source)
at java.lang.reflect.Method.invoke(Unknown Source)
at org.testng.internal.MethodInvocationHelper.invokeMethod(MethodInvocationHelper.java:124)
at org.testng.internal.Invoker.invokeMethod(Invoker.java:580)
at org.testng.internal.Invoker.invokeTestMethod(Invoker.java:716)
at org.testng.internal.Invoker.invokeTestMethods(Invoker.java:988)
at org.testng.internal.TestMethodWorker.invokeTestMethods(TestMethodWorker.java:125)
at org.testng.internal.TestMethodWorker.run(TestMethodWorker.java:109)
at org.testng.TestRunner.privateRun(TestRunner.java:648)
at org.testng.TestRunner.run(TestRunner.java:505)
at org.testng.SuiteRunner.runTest(SuiteRunner.java:455)
at org.testng.SuiteRunner.runSequentially(SuiteRunner.java:450)
at org.testng.SuiteRunner.privateRun(SuiteRunner.java:415)
at org.testng.SuiteRunner.run(SuiteRunner.java:364)
at org.testng.SuiteRunnerWorker.runSuite(SuiteRunnerWorker.java:52)
at org.testng.SuiteRunnerWorker.run(SuiteRunnerWorker.java:84)
at org.testng.TestNG.runSuitesSequentially(TestNG.java:1208)
at org.testng.TestNG.runSuitesLocally(TestNG.java:1137)
at org.testng.TestNG.runSuites(TestNG.java:1049)
at org.testng.TestNG.run(TestNG.java:1017)
at org.testng.remote.AbstractRemoteTestNG.run(AbstractRemoteTestNG.java:114)
at org.testng.remote.RemoteTestNG.initAndRun(RemoteTestNG.java:251)
at org.testng.remote.RemoteTestNG.main(RemoteTestNG.java:77)
]]>
            </full-stacktrace>
          </exception> <!-- org.test.automation.exception.CFITRException -->
          <reporter-output>
          </reporter-output>
        </test-method> <!-- testing -->
        <test-method status="PASS" signature="tearDown(org.testng.ITestResult, org.testng.ITestContext)[pri:0, instance:org.test.automation.testcases.Login@37374a5e]" name="tearDown" is-config="true" duration-ms="200" started-at="2018-07-23T09:46:11Z" finished-at="2018-07-23T09:46:12Z">
          <params>
            <param index="0">
              <value>
                <![CDATA[[TestResult name=testing status=FAILURE method=Login.testing()[pri:0, instance:org.test.automation.testcases.Login@37374a5e] output={null}]]]>
              </value>
            </param>
            <param index="1">
              <value>
                <![CDATA[org.testng.TestRunner@6cb6decd]]>
              </value>
            </param>
          </params>
          <reporter-output>
          </reporter-output>
        </test-method> <!-- tearDown -->
        <test-method status="PASS" signature="prepareTestReport(org.testng.ITestContext)[pri:0, instance:org.test.automation.testcases.Login@37374a5e]" name="prepareTestReport" is-config="true" duration-ms="44" started-at="2018-07-23T09:46:12Z" finished-at="2018-07-23T09:46:12Z">
          <params>
            <param index="0">
              <value>
                <![CDATA[org.testng.TestRunner@6cb6decd]]>
              </value>
            </param>
          </params>
          <reporter-output>
          </reporter-output>
        </test-method> <!-- prepareTestReport -->
      </class> <!-- org.test.automation.testcases.Login -->
    </test> <!-- Default test -->
  </suite> <!-- Default suite -->
</testng-results>
